(Shawshank Redemption,1.0)
(Toy Story (995),1.0)
(Ed Wood (994),1.0)
(French Twist (Gazon maudit) (995),1.0)
(Doom Generation,1.0)
(Three Colors: Red (994),1.0)
(Apollo 3 (995),1.0)
(I.Q. (994),1.0)
(Shanghai Triad (Yao a yao yao dao waipo qiao) (995),1.0)
(GoldenEye (995),1.0)
(Crumb (994),1.0)
(Rumble in the Bronx (995),1.0)
(Twelve Monkeys (995),1.0)
(Apollo 3 (995),1.0)
(Dead Man Walking (995),1.0)
(Priest (994),1.0)
(Professional,1.0)
(Thanks for Everything! Julie Newmar (995),1.0)
(Mad Love (995),1.0)
(Clerks (994),1.0)
(Outbreak (995),1.0)
(Net,1.0)
(Pulp Fiction (994),1.0)
(Nadja (994),1.0)
(Mighty Aphrodite (995),1.0)
(Copycat (995),1.0)
(Hoop Dreams (994),1.0)
(Desperado (995),1.0)
(Free Willy 2: The Adventure Home (995),1.0)
(Four Rooms (995),1.0)
(Dolores Claiborne (994),1.0)
(Four Rooms (995),1.0)
(Birdcage,1.0)
(Brothers McMullen,1.0)
(Taxi Driver (976),1.0)
(Madness of King George,1.0)
(Braveheart (995),1.0)
(Get Shorty (995),1.0)
(Doom Generation,1.0)
(Babe (995),1.0)
(From Dusk Till Dawn (996),1.0)
(Bad Boys (995),1.0)
(Batman Forever (995),1.0)
(Strange Days (995),1.0)
(Postino,1.0)
(Natural Born Killers (994),1.0)
(White Balloon,0.9990251439953203)
(Quiz Show (994),0.9983798256884554)
(Disclosure (994),0.996790600406624)
(Usual Suspects,0.9967396922089012)
(Eat Drink Man Woman (994),0.894641863867248)
Shawshank Redemption
Toy Story (995)
Ed Wood (994)
French Twist (Gazon maudit) (995)
Doom Generation
Three Colors: Red (994)
Apollo 3 (995)
I.Q. (994)
Shanghai Triad (Yao a yao yao dao waipo qiao) (995)
GoldenEye (995)
Crumb (994)
Rumble in the Bronx (995)
Twelve Monkeys (995)
Apollo 3 (995)
Dead Man Walking (995)
Priest (994)
Professional
Thanks for Everything! Julie Newmar (995)
Mad Love (995)
Clerks (994)
Outbreak (995)
Net
Pulp Fiction (994)
Nadja (994)
Mighty Aphrodite (995)
Copycat (995)
Hoop Dreams (994)
Desperado (995)
Free Willy 2: The Adventure Home (995)
Four Rooms (995)
Dolores Claiborne (994)
Four Rooms (995)
Birdcage
Brothers McMullen
Taxi Driver (976)
Madness of King George
Braveheart (995)
Get Shorty (995)
Doom Generation
Babe (995)
From Dusk Till Dawn (996)
Bad Boys (995)
Batman Forever (995)
Strange Days (995)
Postino
Natural Born Killers (994)
White Balloon
Quiz Show (994)
Disclosure (994)
Usual Suspects
Eat Drink Man Woman (994)
